<?xml version="1.0" encoding="UTF-8"?>
<!-- Generated by org.testng.reporters.JUnitReportReporter -->
<testsuite hostname="DanicaArun" failures="0" tests="2" name="com.runner.TestRunner" time="44.110" errors="2" timestamp="2025-09-08T23:35:11 IST" skipped="0">
  <testcase classname="com.runner.TestRunner" name="runScenario" time="28.010">
    <error message="The step &#039;the user should be navigated to the booking page&#039; is undefined.
You can implement this step using the snippet(s) below:

@Then(&quot;the user should be navigated to the booking page&quot;)
public void the_user_should_be_navigated_to_the_booking_page() {
    // Write code here that turns the phrase above into concrete actions
    throw new io.cucumber.java.PendingException();
}
" type="io.cucumber.testng.UndefinedStepException">
      <![CDATA[io.cucumber.testng.UndefinedStepException: The step 'the user should be navigated to the booking page' is undefined.
You can implement this step using the snippet(s) below:

@Then("the user should be navigated to the booking page")
public void the_user_should_be_navigated_to_the_booking_page() {
    // Write code here that turns the phrase above into concrete actions
    throw new io.cucumber.java.PendingException();
}

at ✽.the user should be navigated to the booking page(file:///D:/Eclipse/eclipse/ixigowebsiteautomation/src/test/resources/Features/login.feature:8)
]]>
    </error>
  </testcase> <!-- runScenario -->
  <testcase classname="com.runner.TestRunner" name="runScenario" time="16.100">
    <error message="Expected condition failed: waiting for element to be clickable: By.xpath: //input[@placeholder=&#039;Enter city or airport&#039; and @name=&#039;origin&#039;] (tried for 10 second(s) with 500 milliseconds interval)
Build info: version: &#039;4.34.0&#039;, revision: &#039;707dcb4246*&#039;
System info: os.name: &#039;Windows 11&#039;, os.arch: &#039;amd64&#039;, os.version: &#039;10.0&#039;, java.version: &#039;24.0.2&#039;
Driver info: org.openqa.selenium.chrome.ChromeDriver
Capabilities {acceptInsecureCerts: false, browserName: chrome, browserVersion: 139.0.7258.155, chrome: {chromedriverVersion: 139.0.7258.154 (9e0d6b2b47f..., userDataDir: C:\Users\Danica\AppData\Loc...}, fedcm:accounts: true, goog:chromeOptions: {debuggerAddress: localhost:57699}, networkConnectionEnabled: false, pageLoadStrategy: normal, platformName: windows, proxy: Proxy(), se:cdp: ws://localhost:57699/devtoo..., se:cdpVersion: 139.0.7258.155, setWindowRect: true, strictFileInteractability: false, timeouts: {implicit: 0, pageLoad: 300000, script: 30000}, unhandledPromptBehavior: dismiss and notify, webauthn:extension:credBlob: true, webauthn:extension:largeBlob: true, webauthn:extension:minPinLength: true, webauthn:extension:prf: true, webauthn:virtualAuthenticators: true}
Session ID: 15436a0cffe3646dfe3bc86d689dc066" type="org.openqa.selenium.TimeoutException">
      <![CDATA[org.openqa.selenium.TimeoutException: Expected condition failed: waiting for element to be clickable: By.xpath: //input[@placeholder='Enter city or airport' and @name='origin'] (tried for 10 second(s) with 500 milliseconds interval)
Build info: version: '4.34.0', revision: '707dcb4246*'
System info: os.name: 'Windows 11', os.arch: 'amd64', os.version: '10.0', java.version: '24.0.2'
Driver info: org.openqa.selenium.chrome.ChromeDriver
Capabilities {acceptInsecureCerts: false, browserName: chrome, browserVersion: 139.0.7258.155, chrome: {chromedriverVersion: 139.0.7258.154 (9e0d6b2b47f..., userDataDir: C:\Users\Danica\AppData\Loc...}, fedcm:accounts: true, goog:chromeOptions: {debuggerAddress: localhost:57699}, networkConnectionEnabled: false, pageLoadStrategy: normal, platformName: windows, proxy: Proxy(), se:cdp: ws://localhost:57699/devtoo..., se:cdpVersion: 139.0.7258.155, setWindowRect: true, strictFileInteractability: false, timeouts: {implicit: 0, pageLoad: 300000, script: 30000}, unhandledPromptBehavior: dismiss and notify, webauthn:extension:credBlob: true, webauthn:extension:largeBlob: true, webauthn:extension:minPinLength: true, webauthn:extension:prf: true, webauthn:virtualAuthenticators: true}
Session ID: 15436a0cffe3646dfe3bc86d689dc066
at org.openqa.selenium.support.ui.WebDriverWait.timeoutException(WebDriverWait.java:84)
at org.openqa.selenium.support.ui.FluentWait.until(FluentWait.java:228)
at com.pages.Searchingpage.selectFromTo(Searchingpage.java:34)
at com.stepDefinition.searchingdefinitions.the_user_selects_the_from_as_and_to_as(searchingdefinitions.java:27)
at ✽.the user selects the from as "Chennai" and to as "New Delhi"(file:///D:/Eclipse/eclipse/ixigowebsiteautomation/src/test/resources/Features/flightsearch.feature:5)
]]>
    </error>
  </testcase> <!-- runScenario -->
</testsuite> <!-- com.runner.TestRunner -->
