<?xml version="1.0" encoding="UTF-8"?>
<!-- Generated by org.testng.reporters.JUnitReportReporter -->
<testsuite hostname="DanicaArun" failures="0" tests="2" name="com.runner.TestRunner" time="15.542" errors="0" timestamp="2025-09-07T21:02:27 IST" skipped="0">
  <testcase classname="com.runner.TestRunner" name="runScenario" time="9.082"/>
  <testcase classname="com.runner.TestRunner" name="runScenario" time="6.460"/>
</testsuite> <!-- com.runner.TestRunner -->
