<?xml version="1.0" encoding="UTF-8"?>
<!-- Generated by org.testng.reporters.JUnitReportReporter -->
<testsuite hostname="DanicaArun" failures="0" tests="5" name="com.runner.TestRunner" time="239.259" errors="0" timestamp="2025-09-13T23:45:38 IST" skipped="0">
  <testcase classname="com.runner.TestRunner" name="runScenario" time="30.518"/>
  <testcase classname="com.runner.TestRunner" name="runScenario" time="17.330"/>
  <testcase classname="com.runner.TestRunner" name="runScenario" time="38.883"/>
  <testcase classname="com.runner.TestRunner" name="runScenario" time="59.174"/>
  <testcase classname="com.runner.TestRunner" name="runScenario" time="93.354"/>
</testsuite> <!-- com.runner.TestRunner -->
